  IllegalBuildingsDetector.cpp
E:\ThirdPartyLib\opencv3.0+contrib\install\include\opencv2/core/mat.hpp(1965): warning C4819: 该文件包含不能在当前代码页(936)中表示的字符。请将该文件保存为 Unicode 格式以防止数据丢失
E:\ThirdPartyLib\opencv3.0+contrib\install\include\opencv2/core/persistence.hpp : warning C4819: 该文件包含不能在当前代码页(936)中表示的字符。请将该文件保存为 Unicode 格式以防止数据丢失
E:\ThirdPartyLib\opencv3.0+contrib\install\include\opencv2/core/utility.hpp : warning C4819: 该文件包含不能在当前代码页(936)中表示的字符。请将该文件保存为 Unicode 格式以防止数据丢失
C:\Program Files (x86)\Microsoft Visual Studio 12.0\VC\atlmfc\include\afx.h(38): warning C4996: 'MBCS_Support_Deprecated_In_MFC': MBCS support in MFC is deprecated and may be removed in a future version of MFC.
          C:\Program Files (x86)\Microsoft Visual Studio 12.0\VC\atlmfc\include\afx.h(33) : 参见“MBCS_Support_Deprecated_In_MFC”的声明
IllegalBuildingsDetector.cpp(56): warning C4244: “return”: 从“double”转换到“const float”，可能丢失数据
IllegalBuildingsDetector.cpp(73): warning C4244: “参数”: 从“int”转换到“float”，可能丢失数据
IllegalBuildingsDetector.cpp(123): warning C4018: “<=”: 有符号/无符号不匹配
IllegalBuildingsDetector.cpp(128): warning C4018: “<=”: 有符号/无符号不匹配
IllegalBuildingsDetector.cpp(145): warning C4018: “<=”: 有符号/无符号不匹配
IllegalBuildingsDetector.cpp(150): warning C4018: “<=”: 有符号/无符号不匹配
IllegalBuildingsDetector.cpp(161): warning C4018: “<”: 有符号/无符号不匹配
IllegalBuildingsDetector.cpp(173): warning C4018: “<”: 有符号/无符号不匹配
IllegalBuildingsDetector.cpp(439): warning C4018: “<”: 有符号/无符号不匹配
IllegalBuildingsDetector.cpp(442): warning C4244: “参数”: 从“int”转换到“float”，可能丢失数据
IllegalBuildingsDetector.cpp(449): warning C4018: “<”: 有符号/无符号不匹配
IllegalBuildingsDetector.cpp(451): warning C4244: “参数”: 从“float”转换到“int”，可能丢失数据
IllegalBuildingsDetector.cpp(464): warning C4018: “<”: 有符号/无符号不匹配
IllegalBuildingsDetector.cpp(489): warning C4244: “=”: 从“double”转换到“int”，可能丢失数据
IllegalBuildingsDetector.cpp(638): warning C4018: “<”: 有符号/无符号不匹配
IllegalBuildingsDetector.cpp(366): warning C4101: “flag1”: 未引用的局部变量
IllegalBuildingsDetector.cpp(750): warning C4244: “参数”: 从“double”转换到“int”，可能丢失数据
IllegalBuildingsDetector.cpp(800): warning C4305: “参数”: 从“double”到“float”截断
IllegalBuildingsDetector.cpp(900): warning C4018: “<”: 有符号/无符号不匹配
IllegalBuildingsDetector.cpp(905): warning C4244: “初始化”: 从“float”转换到“int”，可能丢失数据
IllegalBuildingsDetector.cpp(906): warning C4244: “初始化”: 从“float”转换到“int”，可能丢失数据
IllegalBuildingsDetector.cpp(931): warning C4244: “=”: 从“int”转换到“float”，可能丢失数据
IllegalBuildingsDetector.cpp(933): warning C4244: “=”: 从“int”转换到“float”，可能丢失数据
IllegalBuildingsDetector.cpp(1028): warning C4244: “=”: 从“double”转换到“int”，可能丢失数据
IllegalBuildingsDetector.cpp(1171): warning C4018: “<”: 有符号/无符号不匹配
IllegalBuildingsDetector.cpp(1191): warning C4244: “初始化”: 从“int”转换到“float”，可能丢失数据
IllegalBuildingsDetector.cpp(1192): warning C4244: “初始化”: 从“int”转换到“float”，可能丢失数据
IllegalBuildingsDetector.cpp(1264): warning C4244: “初始化”: 从“double”转换到“int”，可能丢失数据
IllegalBuildingsDetector.cpp(1265): warning C4018: “<”: 有符号/无符号不匹配
IllegalBuildingsDetector.cpp(1268): warning C4018: “<”: 有符号/无符号不匹配
IllegalBuildingsDetector.cpp(1279): warning C4554: “&”: 检查运算符优先级可能存在的错误；使用圆括号阐明优先级
IllegalBuildingsDetector.cpp(1281): warning C4244: “+=”: 从“float”转换到“int”，可能丢失数据
IllegalBuildingsDetector.cpp(1290): warning C4018: “<”: 有符号/无符号不匹配
IllegalBuildingsDetector.cpp(1302): warning C4244: “初始化”: 从“double”转换到“int”，可能丢失数据
IllegalBuildingsDetector.cpp(1348): warning C4244: “=”: 从“double”转换到“int”，可能丢失数据
IllegalBuildingsDetector.cpp(1355): warning C4244: “参数”: 从“double”转换到“int”，可能丢失数据
IllegalBuildingsDetector.cpp(1356): warning C4244: “参数”: 从“double”转换到“int”，可能丢失数据
IllegalBuildingsDetector.cpp(1420): warning C4244: “+=”: 从“double”转换到“float”，可能丢失数据
IllegalBuildingsDetector.cpp(1652): warning C4018: “<”: 有符号/无符号不匹配
IllegalBuildingsDetector.cpp(1669): warning C4018: “<”: 有符号/无符号不匹配
IllegalBuildingsDetector.cpp(1674): warning C4244: “参数”: 从“int”转换到“float”，可能丢失数据
IllegalBuildingsDetector.cpp(1675): warning C4244: “参数”: 从“int”转换到“float”，可能丢失数据
IllegalBuildingsDetector.cpp(1676): warning C4244: “参数”: 从“int”转换到“float”，可能丢失数据
IllegalBuildingsDetector.cpp(1677): warning C4244: “参数”: 从“int”转换到“float”，可能丢失数据
IllegalBuildingsDetector.cpp(1680): warning C4244: “=”: 从“double”转换到“float”，可能丢失数据
IllegalBuildingsDetector.cpp(1681): warning C4554: “|”: 检查运算符优先级可能存在的错误；使用圆括号阐明优先级
IllegalBuildingsDetector.cpp(1765): warning C4018: “<”: 有符号/无符号不匹配
IllegalBuildingsDetector.cpp(1843): warning C4018: “<”: 有符号/无符号不匹配
IllegalBuildingsDetector.cpp(1883): warning C4244: “=”: 从“double”转换到“int”，可能丢失数据
IllegalBuildingsDetector.cpp(1892): warning C4244: “=”: 从“double”转换到“int”，可能丢失数据
IllegalBuildingsDetector.cpp(1908): warning C4244: “=”: 从“double”转换到“int”，可能丢失数据
IllegalBuildingsDetector.cpp(1916): warning C4244: “=”: 从“double”转换到“int”，可能丢失数据
IllegalBuildingsDetector.cpp(2050): warning C4305: “参数”: 从“double”到“float”截断
IllegalBuildingsDetector.cpp(2226): warning C4244: “初始化”: 从“double”转换到“int”，可能丢失数据
IllegalBuildingsDetector.cpp(2227): warning C4018: “<”: 有符号/无符号不匹配
IllegalBuildingsDetector.cpp(2230): warning C4244: “+=”: 从“float”转换到“int”，可能丢失数据
IllegalBuildingsDetector.cpp(2234): warning C4018: “<”: 有符号/无符号不匹配
IllegalBuildingsDetector.cpp(2258): warning C4244: “+=”: 从“double”转换到“float”，可能丢失数据
  正在生成代码
  已完成代码的生成
  IllegalBuildingsDetector.vcxproj -> D:\安顺违建安装\修改\IllegalBuildingsDetector\Release\IllegalBuildingsDetector.exe
